<?xml version="1.0" encoding="UTF-8"?>
<testng-results skipped="0" failed="0" ignored="0" total="2" passed="2">
  <reporter-output>
  </reporter-output>
  <suite name="Suite" duration-ms="89422" started-at="2020-03-07T22:30:46 IST" finished-at="2020-03-07T22:32:15 IST">
    <groups>
    </groups>
    <test name="Test" duration-ms="89422" started-at="2020-03-07T22:30:46 IST" finished-at="2020-03-07T22:32:15 IST">
      <class name="practise.AppiumFramework.FirstTest">
        <test-method status="PASS" signature="KillAllNodes()[pri:0, instance:practise.AppiumFramework.FirstTest@612fc6eb]" name="KillAllNodes" is-config="true" duration-ms="3023" started-at="2020-03-07T22:30:46 IST" finished-at="2020-03-07T22:30:49 IST">
          <reporter-output>
          </reporter-output>
        </test-method> <!-- KillAllNodes -->
        <test-method status="PASS" signature="launch(java.lang.String)[pri:0, instance:practise.AppiumFramework.FirstTest@612fc6eb]" name="launch" duration-ms="44174" started-at="2020-03-07T22:30:49 IST" data-provider="InputData" finished-at="2020-03-07T22:31:33 IST">
          <params>
            <param index="0">
              <value>
                <![CDATA[hello]]>
              </value>
            </param>
          </params>
          <reporter-output>
          </reporter-output>
        </test-method> <!-- launch -->
        <test-method status="PASS" signature="launch(java.lang.String)[pri:0, instance:practise.AppiumFramework.FirstTest@612fc6eb]" name="launch" duration-ms="42049" started-at="2020-03-07T22:31:33 IST" data-provider="InputData" finished-at="2020-03-07T22:32:15 IST">
          <params>
            <param index="0">
              <value>
                <![CDATA[!@#EDD]]>
              </value>
            </param>
          </params>
          <reporter-output>
          </reporter-output>
        </test-method> <!-- launch -->
      </class> <!-- practise.AppiumFramework.FirstTest -->
    </test> <!-- Test -->
  </suite> <!-- Suite -->
</testng-results>
