<?xml version="1.0" encoding="UTF-8"?>
<!-- Generated by org.testng.reporters.JUnitXMLReporter -->
<testsuite hostname="PT-CTL-037" ignored="3" name="Car Loan" tests="4" failures="0" timestamp="26 Feb 2020 06:31:29 GMT" time="0.047" errors="0">
  <testcase name="MobsigninCarLoan" time="0.0" classname="test.Day3"/>
  <testcase name="MobsignoutCarLoan" time="0.0" classname="test.Day3"/>
  <testcase name="MobsignoutCarLoan" time="0.0" classname="test.Day3"/>
  <testcase name="MobsignoutCarLoan" time="0.0" classname="test.Day3"/>
  <testcase name="MobLoginCarLoan" time="0.0" classname="test.Day3">
    <ignored/>
  </testcase> <!-- MobLoginCarLoan -->
  <testcase name="APICarLoan" time="0.0" classname="test.Day3">
    <ignored/>
  </testcase> <!-- APICarLoan -->
  <testcase name="WebLoginCarLoan" time="0.0" classname="test.Day3">
    <ignored/>
  </testcase> <!-- WebLoginCarLoan -->
</testsuite> <!-- Car Loan -->
