<?xml version="1.0" encoding="UTF-8"?>
<!-- Generated by org.testng.reporters.JUnitXMLReporter -->
<testsuite hostname="PT-CTL-037" ignored="0" name="Personal Loan" tests="6" failures="0" timestamp="26 Feb 2020 06:31:29 GMT" time="0.069" errors="0">
  <testcase name="Demo3" time="0.0" classname="test.Day2"/>
  <testcase name="Demo" time="0.0" classname="test.Day1"/>
  <testcase name="Demo1" time="0.0" classname="test.Day1"/>
  <testcase name="LoginAPIHomeLoan" time="0.0" classname="test.Day4"/>
  <testcase name="WebLoginHomeLoan" time="0.0" classname="test.Day4"/>
  <testcase name="MobLoginHomeLoan" time="0.007" classname="test.Day4"/>
</testsuite> <!-- Personal Loan -->
