<?xml version="1.0" encoding="UTF-8"?>
<!-- Generated by org.testng.reporters.JUnitXMLReporter -->
<testsuite hostname="PT-CTL-037" ignored="8" name="Regression" tests="3" failures="0" timestamp="25 Feb 2020 11:56:52 GMT" time="0.063" errors="0">
  <testcase name="WebLoginHomeLoan" time="0.015" classname="test.Day4"/>
  <testcase name="Demo" time="0.0" classname="test.Day1"/>
  <testcase name="Demo3" time="0.0" classname="test.Day2"/>
  <testcase name="MobLoginHomeLoan" time="0.0" classname="test.Day4">
    <ignored/>
  </testcase> <!-- MobLoginHomeLoan -->
  <testcase name="LoginAPIHomeLoan" time="0.0" classname="test.Day4">
    <ignored/>
  </testcase> <!-- LoginAPIHomeLoan -->
  <testcase name="MobLoginCarLoan" time="0.0" classname="test.Day3">
    <ignored/>
  </testcase> <!-- MobLoginCarLoan -->
  <testcase name="MobsigninCarLoan" time="0.0" classname="test.Day3">
    <ignored/>
  </testcase> <!-- MobsigninCarLoan -->
  <testcase name="APICarLoan" time="0.0" classname="test.Day3">
    <ignored/>
  </testcase> <!-- APICarLoan -->
  <testcase name="MobsignoutCarLoan" time="0.0" classname="test.Day3">
    <ignored/>
  </testcase> <!-- MobsignoutCarLoan -->
  <testcase name="Demo1" time="0.0" classname="test.Day1">
    <ignored/>
  </testcase> <!-- Demo1 -->
  <testcase name="WebLoginCarLoan" time="0.0" classname="test.Day3">
    <ignored/>
  </testcase> <!-- WebLoginCarLoan -->
</testsuite> <!-- Regression -->
